Flow report for fullAdder
Sat Oct 25 02:40:23 2025
Quartus Prime Version 24.1std.0 Build 1077 03/04/2025 SC Lite Edition


---------------------
; Table of Contents ;
---------------------
  1. Legal Notice
  2. Flow Summary
  3. Flow Settings
  4. Flow Non-Default Global Settings
  5. Flow Elapsed Time
  6. Flow OS Summary
  7. Flow Log
  8. Flow Messages
  9. Flow Suppressed Messages



----------------
; Legal Notice ;
----------------
Copyright (C) 2025  Altera Corporation. All rights reserved.
Your use of Altera Corporation's design tools, logic functions 
and other software and tools, and any partner logic 
functions, and any output files from any of the foregoing 
(including device programming or simulation files), and any 
associated documentation or information are expressly subject 
to the terms and conditions of the Altera Program License 
Subscription Agreement, the Altera Quartus Prime License Agreement,
the Altera IP License Agreement, or other applicable license
agreement, including, without limitation, that your use is for
the sole purpose of programming logic devices manufactured by
Altera and sold by Altera or its authorized distributors.  Please
refer to the Altera Software License Subscription Agreements 
on the Quartus Prime software download page.



+-----------------------------------------------------------------------------------+
; Flow Summary                                                                      ;
+---------------------------------+-------------------------------------------------+
; Flow Status                     ; Successful - Sat Oct 25 02:40:23 2025           ;
; Quartus Prime Version           ; 24.1std.0 Build 1077 03/04/2025 SC Lite Edition ;
; Revision Name                   ; fullAdder                                       ;
; Top-level Entity Name           ; adderFourBits                                   ;
; Family                          ; Cyclone V                                       ;
; Device                          ; 5CGXFC7C7F23C8                                  ;
; Timing Models                   ; Final                                           ;
; Logic utilization (in ALMs)     ; 4 / 56,480 ( < 1 % )                            ;
; Total registers                 ; 0                                               ;
; Total pins                      ; 14 / 268 ( 5 % )                                ;
; Total virtual pins              ; 0                                               ;
; Total block memory bits         ; 0 / 7,024,640 ( 0 % )                           ;
; Total DSP Blocks                ; 0 / 156 ( 0 % )                                 ;
; Total HSSI RX PCSs              ; 0 / 6 ( 0 % )                                   ;
; Total HSSI PMA RX Deserializers ; 0 / 6 ( 0 % )                                   ;
; Total HSSI TX PCSs              ; 0 / 6 ( 0 % )                                   ;
; Total HSSI PMA TX Serializers   ; 0 / 6 ( 0 % )                                   ;
; Total PLLs                      ; 0 / 13 ( 0 % )                                  ;
; Total DLLs                      ; 0 / 4 ( 0 % )                                   ;
+---------------------------------+-------------------------------------------------+


+-----------------------------------------+
; Flow Settings                           ;
+-------------------+---------------------+
; Option            ; Setting             ;
+-------------------+---------------------+
; Start date & time ; 10/25/2025 02:01:55 ;
; Main task         ; Compilation         ;
; Revision Name     ; fullAdder           ;
+-------------------+---------------------+


+--------------------------------------------------------------------------------------------------------------------------------------------------+
; Flow Non-Default Global Settings                                                                                                                 ;
+-------------------------------------+----------------------------------------+---------------+---------------+-----------------------------------+
; Assignment Name                     ; Value                                  ; Default Value ; Entity Name   ; Section Id                        ;
+-------------------------------------+----------------------------------------+---------------+---------------+-----------------------------------+
; COMPILER_SIGNATURE_ID               ; 193964597897239.176136851519830        ; --            ; --            ; --                                ;
; EDA_GENERATE_FUNCTIONAL_NETLIST     ; Off                                    ; --            ; --            ; eda_board_design_timing           ;
; EDA_GENERATE_FUNCTIONAL_NETLIST     ; Off                                    ; --            ; --            ; eda_board_design_boundary_scan    ;
; EDA_GENERATE_FUNCTIONAL_NETLIST     ; Off                                    ; --            ; --            ; eda_board_design_signal_integrity ;
; EDA_GENERATE_FUNCTIONAL_NETLIST     ; Off                                    ; --            ; --            ; eda_board_design_symbol           ;
; EDA_OUTPUT_DATA_FORMAT              ; Verilog Hdl                            ; --            ; --            ; eda_simulation                    ;
; EDA_SIMULATION_TOOL                 ; Questa Intel FPGA (Verilog)            ; <None>        ; --            ; --                                ;
; EDA_TIME_SCALE                      ; 1 ps                                   ; --            ; --            ; eda_simulation                    ;
; MAX_CORE_JUNCTION_TEMP              ; 85                                     ; --            ; --            ; --                                ;
; MIN_CORE_JUNCTION_TEMP              ; 0                                      ; --            ; --            ; --                                ;
; PARTITION_COLOR                     ; -- (Not supported for targeted family) ; --            ; adderFourBits ; Top                               ;
; PARTITION_FITTER_PRESERVATION_LEVEL ; -- (Not supported for targeted family) ; --            ; adderFourBits ; Top                               ;
; PARTITION_NETLIST_TYPE              ; -- (Not supported for targeted family) ; --            ; adderFourBits ; Top                               ;
; POWER_BOARD_THERMAL_MODEL           ; None (CONSERVATIVE)                    ; --            ; --            ; --                                ;
; POWER_PRESET_COOLING_SOLUTION       ; 23 MM HEAT SINK WITH 200 LFPM AIRFLOW  ; --            ; --            ; --                                ;
; PROJECT_OUTPUT_DIRECTORY            ; output_files                           ; --            ; --            ; --                                ;
; TOP_LEVEL_ENTITY                    ; adderFourBits                          ; fullAdder     ; --            ; --                                ;
+-------------------------------------+----------------------------------------+---------------+---------------+-----------------------------------+


+--------------------------------------------------------------------------------------------------------------------------+
; Flow Elapsed Time                                                                                                        ;
+----------------------+--------------+-------------------------+---------------------+------------------------------------+
; Module Name          ; Elapsed Time ; Average Processors Used ; Peak Virtual Memory ; Total CPU Time (on all processors) ;
+----------------------+--------------+-------------------------+---------------------+------------------------------------+
; Analysis & Synthesis ; 00:00:15     ; 1.0                     ; 418 MB              ; 00:00:34                           ;
; Fitter               ; 00:01:37     ; 1.0                     ; 1560 MB             ; 00:02:09                           ;
; Assembler            ; 00:00:17     ; 1.0                     ; 512 MB              ; 00:00:16                           ;
; Timing Analyzer      ; 00:00:06     ; 1.0                     ; 807 MB              ; 00:00:06                           ;
; EDA Netlist Writer   ; 00:00:01     ; 1.0                     ; 659 MB              ; 00:00:01                           ;
; EDA Netlist Writer   ; 00:00:01     ; 1.0                     ; 660 MB              ; 00:00:01                           ;
; EDA Netlist Writer   ; 00:00:01     ; 1.0                     ; 660 MB              ; 00:00:01                           ;
; EDA Netlist Writer   ; 00:00:01     ; 1.0                     ; 660 MB              ; 00:00:01                           ;
; EDA Netlist Writer   ; 00:00:01     ; 1.0                     ; 660 MB              ; 00:00:01                           ;
; EDA Netlist Writer   ; 00:00:02     ; 1.0                     ; 660 MB              ; 00:00:01                           ;
; EDA Netlist Writer   ; 00:00:01     ; 1.0                     ; 660 MB              ; 00:00:01                           ;
; EDA Netlist Writer   ; 00:00:01     ; 1.0                     ; 660 MB              ; 00:00:01                           ;
; EDA Netlist Writer   ; 00:00:01     ; 1.0                     ; 676 MB              ; 00:00:01                           ;
; EDA Netlist Writer   ; 00:00:01     ; 1.0                     ; 660 MB              ; 00:00:01                           ;
; EDA Netlist Writer   ; 00:00:02     ; 1.0                     ; 660 MB              ; 00:00:01                           ;
; Total                ; 00:02:28     ; --                      ; --                  ; 00:03:16                           ;
+----------------------+--------------+-------------------------+---------------------+------------------------------------+


+------------------------------------------------------------------------------------+
; Flow OS Summary                                                                    ;
+----------------------+------------------+------------+------------+----------------+
; Module Name          ; Machine Hostname ; OS Name    ; OS Version ; Processor type ;
+----------------------+------------------+------------+------------+----------------+
; Analysis & Synthesis ; 4sg4rd           ; Arch Linux ; Arch Linux ; x86_64         ;
; Fitter               ; 4sg4rd           ; Arch Linux ; Arch Linux ; x86_64         ;
; Assembler            ; 4sg4rd           ; Arch Linux ; Arch Linux ; x86_64         ;
; Timing Analyzer      ; 4sg4rd           ; Arch Linux ; Arch Linux ; x86_64         ;
; EDA Netlist Writer   ; 4sg4rd           ; Arch Linux ; Arch Linux ; x86_64         ;
; EDA Netlist Writer   ; 4sg4rd           ; Arch Linux ; Arch Linux ; x86_64         ;
; EDA Netlist Writer   ; 4sg4rd           ; Arch Linux ; Arch Linux ; x86_64         ;
; EDA Netlist Writer   ; 4sg4rd           ; Arch Linux ; Arch Linux ; x86_64         ;
; EDA Netlist Writer   ; 4sg4rd           ; Arch Linux ; Arch Linux ; x86_64         ;
; EDA Netlist Writer   ; 4sg4rd           ; Arch Linux ; Arch Linux ; x86_64         ;
; EDA Netlist Writer   ; 4sg4rd           ; Arch Linux ; Arch Linux ; x86_64         ;
; EDA Netlist Writer   ; 4sg4rd           ; Arch Linux ; Arch Linux ; x86_64         ;
; EDA Netlist Writer   ; 4sg4rd           ; Arch Linux ; Arch Linux ; x86_64         ;
; EDA Netlist Writer   ; 4sg4rd           ; Arch Linux ; Arch Linux ; x86_64         ;
; EDA Netlist Writer   ; 4sg4rd           ; Arch Linux ; Arch Linux ; x86_64         ;
+----------------------+------------------+------------+------------+----------------+


------------
; Flow Log ;
------------
quartus_map --read_settings_files=on --write_settings_files=off fullAdder -c fullAdder
quartus_fit --read_settings_files=off --write_settings_files=off fullAdder -c fullAdder
quartus_asm --read_settings_files=off --write_settings_files=off fullAdder -c fullAdder
quartus_sta fullAdder -c fullAdder
quartus_eda --read_settings_files=off --write_settings_files=off fullAdder -c fullAdder
quartus_eda --gen_testbench --tool=modelsim_oem --format=verilog --write_settings_files=off fullAdder -c fullAdder --vector_source=/home/loki0b/eecs/cin/cin0008/fullAdder/Waveform.vwf --testbench_file=/home/loki0b/eecs/cin/cin0008/fullAdder/simulation/qsim/Waveform.vwf.vt
quartus_eda --write_settings_files=off --simulation=on --functional=on --flatten_buses=off --tool=modelsim_oem --format=verilog --output_directory=/home/loki0b/eecs/cin/cin0008/fullAdder/simulation/qsim/ fullAdder -c fullAdder
quartus_eda --gen_testbench --tool=modelsim_oem --format=verilog --write_settings_files=off fullAdder -c fullAdder --vector_source=/home/loki0b/eecs/cin/cin0008/fullAdder/Waveform.vwf --testbench_file=/home/loki0b/eecs/cin/cin0008/fullAdder/simulation/qsim/Waveform.vwf.vt
quartus_eda --write_settings_files=off --simulation=on --functional=on --flatten_buses=off --tool=modelsim_oem --format=verilog --output_directory=/home/loki0b/eecs/cin/cin0008/fullAdder/simulation/qsim/ fullAdder -c fullAdder
quartus_eda --gen_testbench --tool=modelsim_oem --format=verilog --write_settings_files=off fullAdder -c fullAdder --vector_source=/home/loki0b/eecs/cin/cin0008/fullAdder/adder-4bits.vwf --testbench_file=/home/loki0b/eecs/cin/cin0008/fullAdder/simulation/qsim/adder-4bits.vwf.vt
quartus_eda --write_settings_files=off --simulation=on --functional=on --flatten_buses=off --tool=modelsim_oem --format=verilog --output_directory=/home/loki0b/eecs/cin/cin0008/fullAdder/simulation/qsim/ fullAdder -c fullAdder
quartus_eda --gen_testbench --tool=modelsim_oem --format=verilog --write_settings_files=off fullAdder -c fullAdder --vector_source=/home/loki0b/eecs/cin/cin0008/fullAdder/adder-4bits.vwf --testbench_file=/home/loki0b/eecs/cin/cin0008/fullAdder/simulation/qsim/adder-4bits.vwf.vt
quartus_eda --write_settings_files=off --simulation=on --functional=off --flatten_buses=off --timescale=1ps --tool=modelsim_oem --format=verilog --output_directory=/home/loki0b/eecs/cin/cin0008/fullAdder/simulation/qsim/ fullAdder -c fullAdder
quartus_eda --gen_testbench --tool=modelsim_oem --format=verilog --write_settings_files=off fullAdder -c fullAdder --vector_source=/home/loki0b/eecs/cin/cin0008/fullAdder/adder-4bits.vwf --testbench_file=/home/loki0b/eecs/cin/cin0008/fullAdder/simulation/qsim/adder-4bits.vwf.vt
quartus_eda --write_settings_files=off --simulation=on --functional=on --flatten_buses=off --tool=modelsim_oem --format=verilog --output_directory=/home/loki0b/eecs/cin/cin0008/fullAdder/simulation/qsim/ fullAdder -c fullAdder



